<?xml version="1.0" encoding="UTF-8"?>
<!-- Generated by org.testng.reporters.JUnitReportReporter -->
<testsuite hostname="LAPTOP-8M8NT59T" name="com.obs.automation.runner.APITestRunner" tests="3" failures="0" timestamp="30 Dec 2020 10:13:32 GMT" time="20.117" errors="3">
  <testcase name="runScenario" time="4.154" classname="com.obs.automation.runner.APITestRunner">
    <error type="java.lang.NullPointerException">
      <![CDATA[java.lang.NullPointerException
	at com.obs.automation.RestActions.getStatusCode(RestActions.java:180)
	at com.obs.automation.steps.AthletesSteps.response_status_code_should_match_with_expected_status_code(AthletesSteps.java:65)
	at ✽.Response status code should match with expected status code 200(file:///C:/Users/HP/workspace/obs-coding-test/src/test/resources/features/Athletes.feature:20)
]]>
    </error>
  </testcase> <!-- runScenario -->
  <testcase name="runScenario" time="11.774" classname="com.obs.automation.runner.APITestRunner">
    <error type="java.lang.NullPointerException">
      <![CDATA[java.lang.NullPointerException
	at com.obs.automation.RestActions.getStatusCode(RestActions.java:180)
	at com.obs.automation.steps.AthletesSteps.response_status_code_should_match_with_expected_status_code(AthletesSteps.java:65)
	at ✽.Response status code should match with expected status code 200(file:///C:/Users/HP/workspace/obs-coding-test/src/test/resources/features/Athletes.feature:12)
]]>
    </error>
  </testcase> <!-- runScenario -->
  <testcase name="runScenario" time="4.189" classname="com.obs.automation.runner.APITestRunner">
    <error type="java.lang.NullPointerException">
      <![CDATA[java.lang.NullPointerException
	at com.obs.automation.RestActions.getStatusCode(RestActions.java:180)
	at com.obs.automation.steps.AthletesSteps.response_status_code_should_match_with_expected_status_code(AthletesSteps.java:65)
	at ✽.Response status code should match with expected status code 200(file:///C:/Users/HP/workspace/obs-coding-test/src/test/resources/features/Athletes.feature:28)
]]>
    </error>
  </testcase> <!-- runScenario -->
</testsuite> <!-- com.obs.automation.runner.APITestRunner -->
