<?xml version="1.0" encoding="UTF-8"?>
<!-- Generated by org.testng.reporters.JUnitReportReporter -->
<testsuite skipped="0" hostname="DESKTOP-33KCOCD" name="com.tech.assesment.runner.WebTestRunner" tests="1" failures="0" timestamp="2020-10-20T17:12:55 IST" time="34.126" errors="0">
  <testcase name="runScenario" time="34.126" classname="com.tech.assesment.runner.WebTestRunner"/>
  <system-out/>
</testsuite> <!-- com.tech.assesment.runner.WebTestRunner -->
